[1.040s] Invoking command in '/home/naserddinee0/telemetry_ws/src/robot_health_monitor': PYTHONPATH=/home/naserddinee0/telemetry_ws/build/robot_health_monitor/prefix_override:/usr/lib/python3/dist-packages/colcon_core/task/python/colcon_distutils_commands:/home/naserddinee0/telemetry_ws/install/robot_health_monitor/lib/python3.10/site-packages:${PYTHONPATH} /usr/bin/python3 -W ignore:setup.py install is deprecated -W ignore:easy_install command is deprecated setup.py egg_info --egg-base ../../build/robot_health_monitor build --build-base /home/naserddinee0/telemetry_ws/build/robot_health_monitor/build install --record /home/naserddinee0/telemetry_ws/build/robot_health_monitor/install.log --single-version-externally-managed install_data
[1.397s] running egg_info
[1.397s] creating ../../build/robot_health_monitor/robot_health_monitor.egg-info
[1.398s] writing ../../build/robot_health_monitor/robot_health_monitor.egg-info/PKG-INFO
[1.398s] writing dependency_links to ../../build/robot_health_monitor/robot_health_monitor.egg-info/dependency_links.txt
[1.399s] writing entry points to ../../build/robot_health_monitor/robot_health_monitor.egg-info/entry_points.txt
[1.399s] writing requirements to ../../build/robot_health_monitor/robot_health_monitor.egg-info/requires.txt
[1.399s] writing top-level names to ../../build/robot_health_monitor/robot_health_monitor.egg-info/top_level.txt
[1.399s] writing manifest file '../../build/robot_health_monitor/robot_health_monitor.egg-info/SOURCES.txt'
[1.402s] reading manifest file '../../build/robot_health_monitor/robot_health_monitor.egg-info/SOURCES.txt'
[1.403s] writing manifest file '../../build/robot_health_monitor/robot_health_monitor.egg-info/SOURCES.txt'
[1.403s] running build
[1.403s] running build_py
[1.403s] creating /home/naserddinee0/telemetry_ws/build/robot_health_monitor/build
[1.404s] creating /home/naserddinee0/telemetry_ws/build/robot_health_monitor/build/lib
[1.404s] creating /home/naserddinee0/telemetry_ws/build/robot_health_monitor/build/lib/robot_health_monitor
[1.405s] copying robot_health_monitor/__init__.py -> /home/naserddinee0/telemetry_ws/build/robot_health_monitor/build/lib/robot_health_monitor
[1.405s] copying robot_health_monitor/diagnostic_node.py -> /home/naserddinee0/telemetry_ws/build/robot_health_monitor/build/lib/robot_health_monitor
[1.405s] running install
[1.406s] running install_lib
[1.408s] creating /home/naserddinee0/telemetry_ws/install/robot_health_monitor/lib/python3.10/site-packages/robot_health_monitor
[1.409s] copying /home/naserddinee0/telemetry_ws/build/robot_health_monitor/build/lib/robot_health_monitor/__init__.py -> /home/naserddinee0/telemetry_ws/install/robot_health_monitor/lib/python3.10/site-packages/robot_health_monitor
[1.409s] copying /home/naserddinee0/telemetry_ws/build/robot_health_monitor/build/lib/robot_health_monitor/diagnostic_node.py -> /home/naserddinee0/telemetry_ws/install/robot_health_monitor/lib/python3.10/site-packages/robot_health_monitor
[1.411s] byte-compiling /home/naserddinee0/telemetry_ws/install/robot_health_monitor/lib/python3.10/site-packages/robot_health_monitor/__init__.py to __init__.cpython-310.pyc
[1.412s] byte-compiling /home/naserddinee0/telemetry_ws/install/robot_health_monitor/lib/python3.10/site-packages/robot_health_monitor/diagnostic_node.py to diagnostic_node.cpython-310.pyc
[1.413s] running install_data
[1.413s] creating /home/naserddinee0/telemetry_ws/install/robot_health_monitor/share/ament_index
[1.413s] creating /home/naserddinee0/telemetry_ws/install/robot_health_monitor/share/ament_index/resource_index
[1.414s] creating /home/naserddinee0/telemetry_ws/install/robot_health_monitor/share/ament_index/resource_index/packages
[1.415s] copying resource/robot_health_monitor -> /home/naserddinee0/telemetry_ws/install/robot_health_monitor/share/ament_index/resource_index/packages
[1.415s] copying package.xml -> /home/naserddinee0/telemetry_ws/install/robot_health_monitor/share/robot_health_monitor
[1.415s] running install_egg_info
[1.418s] Copying ../../build/robot_health_monitor/robot_health_monitor.egg-info to /home/naserddinee0/telemetry_ws/install/robot_health_monitor/lib/python3.10/site-packages/robot_health_monitor-0.0.0-py3.10.egg-info
[1.420s] running install_scripts
[1.457s] Installing diagnostic_node script to /home/naserddinee0/telemetry_ws/install/robot_health_monitor/lib/robot_health_monitor
[1.458s] writing list of installed files to '/home/naserddinee0/telemetry_ws/build/robot_health_monitor/install.log'
[1.490s] Invoked command in '/home/naserddinee0/telemetry_ws/src/robot_health_monitor' returned '0': PYTHONPATH=/home/naserddinee0/telemetry_ws/build/robot_health_monitor/prefix_override:/usr/lib/python3/dist-packages/colcon_core/task/python/colcon_distutils_commands:/home/naserddinee0/telemetry_ws/install/robot_health_monitor/lib/python3.10/site-packages:${PYTHONPATH} /usr/bin/python3 -W ignore:setup.py install is deprecated -W ignore:easy_install command is deprecated setup.py egg_info --egg-base ../../build/robot_health_monitor build --build-base /home/naserddinee0/telemetry_ws/build/robot_health_monitor/build install --record /home/naserddinee0/telemetry_ws/build/robot_health_monitor/install.log --single-version-externally-managed install_data
